{"__type":"$$EventMessageWorkflow","id":"1a5baf9a-2723-4586-82b1-43a61577e7ec","ts":"2025-10-04T20:25:49.560+00:00","eventName":"n8n.workflow.started","message":"n8n.workflow.started","payload":{"executionId":"25","workflowId":"QK9TMuhlWaulj51q","isManual":false,"workflowName":"My workflow"}}
{"__type":"$$EventMessageConfirm","confirm":"1a5baf9a-2723-4586-82b1-43a61577e7ec","ts":"2025-10-04T20:25:49.560+00:00","source":{"id":"0","name":"eventBus"}}
{"__type":"$$EventMessageNode","id":"506a28df-daa7-4316-9109-477c6385dda5","ts":"2025-10-04T20:25:49.562+00:00","eventName":"n8n.node.started","message":"n8n.node.started","payload":{"workflowId":"QK9TMuhlWaulj51q","workflowName":"My workflow","executionId":"25","nodeType":"n8n-nodes-base.scheduleTrigger","nodeName":"Schedule Trigger","nodeId":"6bae84fc-e457-4b28-9555-31f3eb10e4eb"}}
{"__type":"$$EventMessageConfirm","confirm":"506a28df-daa7-4316-9109-477c6385dda5","ts":"2025-10-04T20:25:49.562+00:00","source":{"id":"0","name":"eventBus"}}
{"__type":"$$EventMessageNode","id":"cfa44b94-f4aa-421e-9249-364fc70cba1c","ts":"2025-10-04T20:25:49.574+00:00","eventName":"n8n.node.finished","message":"n8n.node.finished","payload":{"workflowId":"QK9TMuhlWaulj51q","workflowName":"My workflow","executionId":"25","nodeType":"n8n-nodes-base.scheduleTrigger","nodeName":"Schedule Trigger","nodeId":"6bae84fc-e457-4b28-9555-31f3eb10e4eb"}}
{"__type":"$$EventMessageConfirm","confirm":"cfa44b94-f4aa-421e-9249-364fc70cba1c","ts":"2025-10-04T20:25:49.574+00:00","source":{"id":"0","name":"eventBus"}}
{"__type":"$$EventMessageNode","id":"d1b5d684-b315-493e-9164-8c426f28a2e4","ts":"2025-10-04T20:25:49.575+00:00","eventName":"n8n.node.started","message":"n8n.node.started","payload":{"workflowId":"QK9TMuhlWaulj51q","workflowName":"My workflow","executionId":"25","nodeType":"n8n-nodes-base.executeCommand","nodeName":"Estruturar Ingredientes","nodeId":"0cbfd7aa-1f4e-4426-8447-46ffbdc71e00"}}
{"__type":"$$EventMessageConfirm","confirm":"d1b5d684-b315-493e-9164-8c426f28a2e4","ts":"2025-10-04T20:25:49.575+00:00","source":{"id":"0","name":"eventBus"}}
{"__type":"$$EventMessageWorkflow","id":"0fd8fb47-64c1-440e-af74-1bae4bec7966","ts":"2025-10-04T20:26:13.596+00:00","eventName":"n8n.workflow.failed","message":"n8n.workflow.failed","payload":{"userId":"386191cd-ad88-4343-8a9f-44be772d42d0","executionId":"25","success":false,"isManual":true,"workflowId":"QK9TMuhlWaulj51q","workflowName":"My workflow","lastNodeExecuted":"Schedule Trigger"}}
{"__type":"$$EventMessageConfirm","confirm":"0fd8fb47-64c1-440e-af74-1bae4bec7966","ts":"2025-10-04T20:26:13.597+00:00","source":{"id":"0","name":"eventBus"}}
{"__type":"$$EventMessageAudit","id":"280c535f-275a-44a8-92b5-f23bd9774df0","ts":"2025-10-04T20:26:26.295+00:00","eventName":"n8n.audit.workflow.updated","message":"n8n.audit.workflow.updated","payload":{"userId":"386191cd-ad88-4343-8a9f-44be772d42d0","_email":"hudsoncauac@gmail.com","_firstName":"Hudson","_lastName":"Lima","globalRole":"global:owner","workflowId":"QK9TMuhlWaulj51q","workflowName":"My workflow"}}
{"__type":"$$EventMessageConfirm","confirm":"280c535f-275a-44a8-92b5-f23bd9774df0","ts":"2025-10-04T20:26:26.295+00:00","source":{"id":"0","name":"eventBus"}}
{"__type":"$$EventMessageWorkflow","id":"9e1eddeb-8bae-453b-a652-d6721dd52777","ts":"2025-10-04T20:26:30.889+00:00","eventName":"n8n.workflow.started","message":"n8n.workflow.started","payload":{"executionId":"26","workflowId":"QK9TMuhlWaulj51q","isManual":false,"workflowName":"My workflow"}}
{"__type":"$$EventMessageConfirm","confirm":"9e1eddeb-8bae-453b-a652-d6721dd52777","ts":"2025-10-04T20:26:30.889+00:00","source":{"id":"0","name":"eventBus"}}
{"__type":"$$EventMessageNode","id":"bd31b934-8106-4d5f-b0a9-0b7b4bfd4dca","ts":"2025-10-04T20:26:30.890+00:00","eventName":"n8n.node.started","message":"n8n.node.started","payload":{"workflowId":"QK9TMuhlWaulj51q","workflowName":"My workflow","executionId":"26","nodeType":"n8n-nodes-base.scheduleTrigger","nodeName":"Schedule Trigger","nodeId":"6bae84fc-e457-4b28-9555-31f3eb10e4eb"}}
{"__type":"$$EventMessageConfirm","confirm":"bd31b934-8106-4d5f-b0a9-0b7b4bfd4dca","ts":"2025-10-04T20:26:30.890+00:00","source":{"id":"0","name":"eventBus"}}
{"__type":"$$EventMessageNode","id":"752b1964-be28-477b-871c-39b332991c65","ts":"2025-10-04T20:26:30.893+00:00","eventName":"n8n.node.finished","message":"n8n.node.finished","payload":{"workflowId":"QK9TMuhlWaulj51q","workflowName":"My workflow","executionId":"26","nodeType":"n8n-nodes-base.scheduleTrigger","nodeName":"Schedule Trigger","nodeId":"6bae84fc-e457-4b28-9555-31f3eb10e4eb"}}
{"__type":"$$EventMessageConfirm","confirm":"752b1964-be28-477b-871c-39b332991c65","ts":"2025-10-04T20:26:30.893+00:00","source":{"id":"0","name":"eventBus"}}
{"__type":"$$EventMessageNode","id":"9e4de7d1-a14a-4d07-bd11-23505f8b2ea1","ts":"2025-10-04T20:26:30.894+00:00","eventName":"n8n.node.started","message":"n8n.node.started","payload":{"workflowId":"QK9TMuhlWaulj51q","workflowName":"My workflow","executionId":"26","nodeType":"n8n-nodes-base.executeCommand","nodeName":"Estruturar Ingredientes","nodeId":"0cbfd7aa-1f4e-4426-8447-46ffbdc71e00"}}
{"__type":"$$EventMessageConfirm","confirm":"9e4de7d1-a14a-4d07-bd11-23505f8b2ea1","ts":"2025-10-04T20:26:30.894+00:00","source":{"id":"0","name":"eventBus"}}
